<?xml version="1.0" encoding="UTF-8"?>
<!-- Generated by org.testng.reporters.JUnitReportReporter -->
<testsuite hostname="Kamlesh" failures="0" tests="1" name="APIChaining.getUser" time="0.378" errors="0" timestamp="2023-06-03T19:14:29 IST" skipped="0">
  <testcase classname="APIChaining.getUser" name="test_getuser" time="0.378"/>
  <system-out/>
</testsuite> <!-- APIChaining.getUser -->
