<?xml version="1.0" encoding="UTF-8"?>
<!-- Generated by org.testng.reporters.JUnitReportReporter -->
<testsuite hostname="Kamlesh" failures="0" tests="1" name="APIChaining.updateUser" time="0.739" errors="0" timestamp="2023-06-03T19:14:29 IST" skipped="0">
  <testcase classname="APIChaining.updateUser" name="test_updateUser" time="0.739"/>
  <system-out/>
</testsuite> <!-- APIChaining.updateUser -->
