<?xml version="1.0" encoding="UTF-8"?>
<!-- Generated by org.testng.reporters.JUnitReportReporter -->
<testsuite hostname="Kamlesh" failures="0" tests="1" name="CookiesHeaders" time="8.493" errors="0" timestamp="2023-05-20T11:26:36 IST" skipped="0">
  <testcase classname="CookiesHeaders" name="Headers" time="8.493"/>
  <system-out/>
</testsuite> <!-- CookiesHeaders -->
