<?xml version="1.0" encoding="UTF-8"?>
<!-- Generated by org.testng.reporters.JUnitReportReporter -->
<testsuite hostname="Kamlesh" failures="0" tests="1" name="APIChaining.createUser" time="6.900" errors="0" timestamp="2023-06-03T19:14:29 IST" skipped="0">
  <testcase classname="APIChaining.createUser" name="test_createUser" time="6.900"/>
  <system-out/>
</testsuite> <!-- APIChaining.createUser -->
