<?xml version="1.0" encoding="UTF-8"?>
<!-- Generated by org.testng.reporters.JUnitReportReporter -->
<testsuite hostname="Kamlesh" failures="0" tests="1" name="ParsingJsonResponseBody" time="3.854" errors="0" timestamp="2023-05-21T12:54:28 IST" skipped="0">
  <testcase classname="ParsingJsonResponseBody" name="parsing" time="3.854"/>
  <system-out/>
</testsuite> <!-- ParsingJsonResponseBody -->
