<?xml version="1.0" encoding="UTF-8"?>
<!-- Generated by org.testng.reporters.JUnitReportReporter -->
<testsuite hostname="Kamlesh" failures="0" tests="1" name="DiffWaysToPostData" time="3.587" errors="0" timestamp="2023-05-19T21:40:33 IST" skipped="0">
  <testcase classname="DiffWaysToPostData" name="postdataexternalfile" time="3.587"/>
  <system-out/>
</testsuite> <!-- DiffWaysToPostData -->
