<?xml version="1.0" encoding="UTF-8"?>
<!-- Generated by org.testng.reporters.JUnitReportReporter -->
<testsuite hostname="Kamlesh" failures="0" tests="1" name="dummyDataGenerator" time="0.755" errors="0" timestamp="2023-05-21T12:39:32 IST" skipped="0">
  <testcase classname="dummyDataGenerator" name="datagenerator" time="0.755"/>
  <system-out/>
</testsuite> <!-- dummyDataGenerator -->
