<?xml version="1.0" encoding="UTF-8"?>
<!-- Generated by org.testng.reporters.JUnitReportReporter -->
<testsuite hostname="Kamlesh" failures="0" tests="1" name="APIChaining.getUser" time="0.291" errors="0" timestamp="2023-06-04T12:25:45 IST" skipped="0">
  <testcase classname="APIChaining.getUser" name="test_getuser" time="0.291"/>
  <system-out/>
</testsuite> <!-- APIChaining.getUser -->
